HCIPaintFramework_Starter/app/build/outputs/logs/manifest-merger-debug-report.txt
-- Merging decision tree log ---
manifest
ADDED from src/main/AndroidManifest.xml:2:1-21:12
INJECTED from src/main/AndroidManifest.xml:2:1-21:12
INJECTED from src/main/AndroidManifest.xml:2:1-21:12
INJECTED from src/main/AndroidManifest.xml:2:1-21:12
MERGED from [com.android.databinding:adapters:3.2.0] AndroidManifest.xml:17:1-24:12
MERGED from [com.android.databinding:library:3.2.0] AndroidManifest.xml:17:1-24:12
MERGED from [com.github.duanhong169:colorpicker:1.1.1] AndroidManifest.xml:2:1-11:12
MERGED from [com.github.duanhong169:checkerboarddrawable:1.0.2] AndroidManifest.xml:2:1-11:12
MERGED from [com.android.support:appcompat-v7:28.0.0-alpha1] AndroidManifest.xml:17:1-23:12
MERGED from [android.arch.lifecycle:extensions:1.1.0] AndroidManifest.xml:17:1-30:12
MERGED from [com.android.support:animated-vector-drawable:28.0.0-alpha1] AndroidManifest.xml:17:1-23:12
MERGED from [com.android.support:support-fragment:28.0.0-alpha1] AndroidManifest.xml:17:1-23:12
MERGED from [com.android.support:support-core-ui:28.0.0-alpha1] AndroidManifest.xml:17:1-23:12
MERGED from [com.android.support:support-core-utils:28.0.0-alpha1] AndroidManifest.xml:17:1-23:12
MERGED from [com.android.support:loader:28.0.0-alpha1] AndroidManifest.xml:17:1-23:12
MERGED from [android.arch.lifecycle:viewmodel:1.1.0] AndroidManifest.xml:17:1-22:12
MERGED from [android.arch.lifecycle:livedata:1.1.0] AndroidManifest.xml:17:1-22:12
MERGED from [android.arch.lifecycle:livedata-core:1.1.0] AndroidManifest.xml:17:1-22:12
MERGED from [android.arch.core:runtime:1.1.0] AndroidManifest.xml:17:1-22:12
MERGED from [com.android.support:support-vector-drawable:28.0.0-alpha1] AndroidManifest.xml:17:1-22:12
MERGED from [com.android.support:viewpager:28.0.0-alpha1] AndroidManifest.xml:17:1-23:12
MERGED from [com.android.support:coordinatorlayout:28.0.0-alpha1] AndroidManifest.xml:17:1-23:12
MERGED from [com.android.support:drawerlayout:28.0.0-alpha1] AndroidManifest.xml:17:1-23:12
MERGED from [com.android.support:slidingpanelayout:28.0.0-alpha1] AndroidManifest.xml:17:1-23:12
MERGED from [com.android.support:customview:28.0.0-alpha1] AndroidManifest.xml:17:1-23:12
MERGED from [com.android.support:swiperefreshlayout:28.0.0-alpha1] AndroidManifest.xml:17:1-23:12
MERGED from [com.android.support:asynclayoutinflater:28.0.0-alpha1] AndroidManifest.xml:17:1-23:12
MERGED from [com.android.support:support-compat:28.0.0-alpha1] AndroidManifest.xml:17:1-23:12
MERGED from [android.arch.lifecycle:runtime:1.1.0] AndroidManifest.xml:17:1-22:12
MERGED from [com.android.support:documentfile:28.0.0-alpha1] AndroidManifest.xml:17:1-23:12
MERGED from [com.android.support:localbroadcastmanager:28.0.0-alpha1] AndroidManifest.xml:17:1-23:12
MERGED from [com.android.support:print:28.0.0-alpha1] AndroidManifest.xml:17:1-23:12
MERGED from [com.android.support:interpolator:28.0.0-alpha1] AndroidManifest.xml:17:1-23:12
MERGED from [com.android.support:cursoradapter:28.0.0-alpha1] AndroidManifest.xml:17:1-23:12
MERGED from [com.android.support.constraint:constraint-layout:1.1.2] AndroidManifest.xml:2:1-11:12
MERGED from [com.github.duanhong169:logger:1.0.0] AndroidManifest.xml:2:1-11:12
INJECTED from src/main/AndroidManifest.xml:2:1-21:12
INJECTED from src/main/AndroidManifest.xml:2:1-21:12
INJECTED from src/main/AndroidManifest.xml:2:1-21:12
	package
		ADDED from src/main/AndroidManifest.xml:3:5-44
		INJECTED from src/main/AndroidManifest.xml
		INJECTED from src/main/AndroidManifest.xml
	android:versionName
		INJECTED from src/main/AndroidManifest.xml
		ADDED from src/main/AndroidManifest.xml:2:1-21:12
		INJECTED from src/main/AndroidManifest.xml
	android:versionCode
		INJECTED from src/main/AndroidManifest.xml
		ADDED from src/main/AndroidManifest.xml:2:1-21:12
		INJECTED from src/main/AndroidManifest.xml
	xmlns:android
		ADDED from src/main/AndroidManifest.xml:2:11-69
application
ADDED from src/main/AndroidManifest.xml:5:5-19:19
MERGED from [android.arch.lifecycle:extensions:1.1.0] AndroidManifest.xml:22:5-28:19
MERGED from [android.arch.lifecycle:extensions:1.1.0] AndroidManifest.xml:22:5-28:19
MERGED from [com.android.support.constraint:constraint-layout:1.1.2] AndroidManifest.xml:9:5-20
MERGED from [com.android.support.constraint:constraint-layout:1.1.2] AndroidManifest.xml:9:5-20
	android:supportsRtl
		ADDED from src/main/AndroidManifest.xml:10:9-35
	android:label
		ADDED from src/main/AndroidManifest.xml:8:9-41
	android:roundIcon
		ADDED from src/main/AndroidManifest.xml:9:9-54
	android:icon
		ADDED from src/main/AndroidManifest.xml:7:9-43
	android:allowBackup
		ADDED from src/main/AndroidManifest.xml:6:9-35
	android:theme
		ADDED from src/main/AndroidManifest.xml:11:9-40
activity#com.example.hcipaintframework.MainActivity
ADDED from src/main/AndroidManifest.xml:12:9-18:20
	android:name
		ADDED from src/main/AndroidManifest.xml:12:19-47
intent-filter#action:name:android.intent.action.MAIN+category:name:android.intent.category.LAUNCHER
ADDED from src/main/AndroidManifest.xml:13:13-17:29
action#android.intent.action.MAIN
ADDED from src/main/AndroidManifest.xml:14:17-69
	android:name
		ADDED from src/main/AndroidManifest.xml:14:25-66
category#android.intent.category.LAUNCHER
ADDED from src/main/AndroidManifest.xml:16:17-77
	android:name
		ADDED from src/main/AndroidManifest.xml:16:27-74
uses-sdk
INJECTED from src/main/AndroidManifest.xml reason: use-sdk injection requested
INJECTED from src/main/AndroidManifest.xml
INJECTED from src/main/AndroidManifest.xml
MERGED from [com.android.databinding:adapters:3.2.0] AndroidManifest.xml:22:5-44
MERGED from [com.android.databinding:adapters:3.2.0] AndroidManifest.xml:22:5-44
MERGED from [com.android.databinding:library:3.2.0] AndroidManifest.xml:22:5-44
MERGED from [com.android.databinding:library:3.2.0] AndroidManifest.xml:22:5-44
MERGED from [com.github.duanhong169:colorpicker:1.1.1] AndroidManifest.xml:7:5-9:41
MERGED from [com.github.duanhong169:colorpicker:1.1.1] AndroidManifest.xml:7:5-9:41
MERGED from [com.github.duanhong169:checkerboarddrawable:1.0.2] AndroidManifest.xml:7:5-9:41
MERGED from [com.github.duanhong169:checkerboarddrawable:1.0.2] AndroidManifest.xml:7:5-9:41
MERGED from [com.android.support:appcompat-v7:28.0.0-alpha1] AndroidManifest.xml:21:5-44
MERGED from [com.android.support:appcompat-v7:28.0.0-alpha1] AndroidManifest.xml:21:5-44
MERGED from [android.arch.lifecycle:extensions:1.1.0] AndroidManifest.xml:20:5-44
MERGED from [android.arch.lifecycle:extensions:1.1.0] AndroidManifest.xml:20:5-44
MERGED from [com.android.support:animated-vector-drawable:28.0.0-alpha1] AndroidManifest.xml:21:5-44
MERGED from [com.android.support:animated-vector-drawable:28.0.0-alpha1] AndroidManifest.xml:21:5-44
MERGED from [com.android.support:support-fragment:28.0.0-alpha1] AndroidManifest.xml:21:5-44
MERGED from [com.android.support:support-fragment:28.0.0-alpha1] AndroidManifest.xml:21:5-44
MERGED from [com.android.support:support-core-ui:28.0.0-alpha1] AndroidManifest.xml:21:5-44
MERGED from [com.android.support:support-core-ui:28.0.0-alpha1] AndroidManifest.xml:21:5-44
MERGED from [com.android.support:support-core-utils:28.0.0-alpha1] AndroidManifest.xml:21:5-44
MERGED from [com.android.support:support-core-utils:28.0.0-alpha1] AndroidManifest.xml:21:5-44
MERGED from [com.android.support:loader:28.0.0-alpha1] AndroidManifest.xml:21:5-44
MERGED from [com.android.support:loader:28.0.0-alpha1] AndroidManifest.xml:21:5-44
MERGED from [android.arch.lifecycle:viewmodel:1.1.0] AndroidManifest.xml:20:5-44
MERGED from [android.arch.lifecycle:viewmodel:1.1.0] AndroidManifest.xml:20:5-44
MERGED from [android.arch.lifecycle:livedata:1.1.0] AndroidManifest.xml:20:5-44
MERGED from [android.arch.lifecycle:livedata:1.1.0] AndroidManifest.xml:20:5-44
MERGED from [android.arch.lifecycle:livedata-core:1.1.0] AndroidManifest.xml:20:5-44
MERGED from [android.arch.lifecycle:livedata-core:1.1.0] AndroidManifest.xml:20:5-44
MERGED from [android.arch.core:runtime:1.1.0] AndroidManifest.xml:20:5-44
MERGED from [android.arch.core:runtime:1.1.0] AndroidManifest.xml:20:5-44
MERGED from [com.android.support:support-vector-drawable:28.0.0-alpha1] AndroidManifest.xml:20:5-44
MERGED from [com.android.support:support-vector-drawable:28.0.0-alpha1] AndroidManifest.xml:20:5-44
MERGED from [com.android.support:viewpager:28.0.0-alpha1] AndroidManifest.xml:21:5-44
MERGED from [com.android.support:viewpager:28.0.0-alpha1] AndroidManifest.xml:21:5-44
MERGED from [com.android.support:coordinatorlayout:28.0.0-alpha1] AndroidManifest.xml:21:5-44
MERGED from [com.android.support:coordinatorlayout:28.0.0-alpha1] AndroidManifest.xml:21:5-44
MERGED from [com.android.support:drawerlayout:28.0.0-alpha1] AndroidManifest.xml:21:5-44
MERGED from [com.android.support:drawerlayout:28.0.0-alpha1] AndroidManifest.xml:21:5-44
MERGED from [com.android.support:slidingpanelayout:28.0.0-alpha1] AndroidManifest.xml:21:5-44
MERGED from [com.android.support:slidingpanelayout:28.0.0-alpha1] AndroidManifest.xml:21:5-44
MERGED from [com.android.support:customview:28.0.0-alpha1] AndroidManifest.xml:21:5-44
MERGED from [com.android.support:customview:28.0.0-alpha1] AndroidManifest.xml:21:5-44
MERGED from [com.android.support:swiperefreshlayout:28.0.0-alpha1] AndroidManifest.xml:21:5-44
MERGED from [com.android.support:swiperefreshlayout:28.0.0-alpha1] AndroidManifest.xml:21:5-44
MERGED from [com.android.support:asynclayoutinflater:28.0.0-alpha1] AndroidManifest.xml:21:5-44
MERGED from [com.android.support:asynclayoutinflater:28.0.0-alpha1] AndroidManifest.xml:21:5-44
MERGED from [com.android.support:support-compat:28.0.0-alpha1] AndroidManifest.xml:21:5-44
MERGED from [com.android.support:support-compat:28.0.0-alpha1] AndroidManifest.xml:21:5-44
MERGED from [android.arch.lifecycle:runtime:1.1.0] AndroidManifest.xml:20:5-44
MERGED from [android.arch.lifecycle:runtime:1.1.0] AndroidManifest.xml:20:5-44
MERGED from [com.android.support:documentfile:28.0.0-alpha1] AndroidManifest.xml:21:5-44
MERGED from [com.android.support:documentfile:28.0.0-alpha1] AndroidManifest.xml:21:5-44
MERGED from [com.android.support:localbroadcastmanager:28.0.0-alpha1] AndroidManifest.xml:21:5-44
MERGED from [com.android.support:localbroadcastmanager:28.0.0-alpha1] AndroidManifest.xml:21:5-44
MERGED from [com.android.support:print:28.0.0-alpha1] AndroidManifest.xml:21:5-44
MERGED from [com.android.support:print:28.0.0-alpha1] AndroidManifest.xml:21:5-44
MERGED from [com.android.support:interpolator:28.0.0-alpha1] AndroidManifest.xml:21:5-44
MERGED from [com.android.support:interpolator:28.0.0-alpha1] AndroidManifest.xml:21:5-44
MERGED from [com.android.support:cursoradapter:28.0.0-alpha1] AndroidManifest.xml:21:5-44
MERGED from [com.android.support:cursoradapter:28.0.0-alpha1] AndroidManifest.xml:21:5-44
MERGED from [com.android.support.constraint:constraint-layout:1.1.2] AndroidManifest.xml:5:5-7:41
MERGED from [com.android.support.constraint:constraint-layout:1.1.2] AndroidManifest.xml:5:5-7:41
MERGED from [com.github.duanhong169:logger:1.0.0] AndroidManifest.xml:7:5-9:41
MERGED from [com.github.duanhong169:logger:1.0.0] AndroidManifest.xml:7:5-9:41
INJECTED from src/main/AndroidManifest.xml
INJECTED from src/main/AndroidManifest.xml
	android:targetSdkVersion
		INJECTED from src/main/AndroidManifest.xml
		ADDED from src/main/AndroidManifest.xml
		INJECTED from src/main/AndroidManifest.xml
	android:minSdkVersion
		INJECTED from src/main/AndroidManifest.xml
		ADDED from src/main/AndroidManifest.xml
		INJECTED from src/main/AndroidManifest.xml
provider#android.arch.lifecycle.ProcessLifecycleOwnerInitializer
ADDED from [android.arch.lifecycle:extensions:1.1.0] AndroidManifest.xml:23:9-27:43
	android:authorities
		ADDED from [android.arch.lifecycle:extensions:1.1.0] AndroidManifest.xml:25:13-68
	android:multiprocess
		ADDED from [android.arch.lifecycle:extensions:1.1.0] AndroidManifest.xml:27:13-40
	android:exported
		ADDED from [android.arch.lifecycle:extensions:1.1.0] AndroidManifest.xml:26:13-37
	android:name
		ADDED from [android.arch.lifecycle:extensions:1.1.0] AndroidManifest.xml:24:13-83